This file contains any messages produced by compilers while
running configure, to aid debugging if configure makes a mistake.

It was created by testblock.exe configure 1.0, which was
generated by GNU Autoconf 2.69.  Invocation command line was

  $ ./configure 

## --------- ##
## Platform. ##
## --------- ##

hostname = zelda.eng.uci.edu
uname -m = x86_64
uname -r = 3.10.0-693.21.1.el7.x86_64
uname -s = Linux
uname -v = #1 SMP Wed Mar 7 19:03:37 UTC 2018

/usr/bin/uname -p = x86_64
/bin/uname -X     = unknown

/bin/arch              = x86_64
/usr/bin/arch -k       = unknown
/usr/convex/getsysinfo = unknown
/usr/bin/hostinfo      = unknown
/bin/machine           = unknown
/usr/bin/oslevel       = unknown
/bin/universe          = unknown

PATH: /usr/lib64/qt-3.3/bin
PATH: /usr/lib64/mpich/bin
PATH: /usr/local/bin
PATH: /usr/bin
PATH: /usr/local/sbin
PATH: /usr/sbin
PATH: /usr/local/cuda/bin
PATH: /home/kevinzhu2001/.local/bin
PATH: /home/kevinzhu2001/bin


## ----------- ##
## Core tests. ##
## ----------- ##

configure:1937: checking for a BSD-compatible install
configure:2005: result: /usr/bin/install -c
configure:2016: checking whether build environment is sane
configure:2071: result: yes
configure:2222: checking for a thread-safe mkdir -p
configure:2261: result: /usr/bin/mkdir -p
configure:2268: checking for gawk
configure:2284: found /usr/bin/gawk
configure:2295: result: gawk
configure:2306: checking whether make sets $(MAKE)
configure:2328: result: yes
configure:2357: checking whether make supports nested variables
configure:2374: result: yes
configure:2476: checking for style of include used by make
configure:2504: result: GNU
configure:2575: checking for gcc
configure:2591: found /usr/bin/gcc
configure:2602: result: gcc
configure:2831: checking for C compiler version
configure:2840: gcc --version >&5
gcc (GCC) 4.8.5 20150623 (Red Hat 4.8.5-28)
Copyright (C) 2015 Free Software Foundation, Inc.
This is free software; see the source for copying conditions.  There is NO
warranty; not even for MERCHANTABILITY or FITNESS FOR A PARTICULAR PURPOSE.

configure:2851: $? = 0
configure:2840: gcc -v >&5
Using built-in specs.
COLLECT_GCC=gcc
COLLECT_LTO_WRAPPER=/usr/libexec/gcc/x86_64-redhat-linux/4.8.5/lto-wrapper
Target: x86_64-redhat-linux
Configured with: ../configure --prefix=/usr --mandir=/usr/share/man --infodir=/usr/share/info --with-bugurl=http://bugzilla.redhat.com/bugzilla --enable-bootstrap --enable-shared --enable-threads=posix --enable-checking=release --with-system-zlib --enable-__cxa_atexit --disable-libunwind-exceptions --enable-gnu-unique-object --enable-linker-build-id --with-linker-hash-style=gnu --enable-languages=c,c++,objc,obj-c++,java,fortran,ada,go,lto --enable-plugin --enable-initfini-array --disable-libgcj --with-isl=/builddir/build/BUILD/gcc-4.8.5-20150702/obj-x86_64-redhat-linux/isl-install --with-cloog=/builddir/build/BUILD/gcc-4.8.5-20150702/obj-x86_64-redhat-linux/cloog-install --enable-gnu-indirect-function --with-tune=generic --with-arch_32=x86-64 --build=x86_64-redhat-linux
Thread model: posix
gcc version 4.8.5 20150623 (Red Hat 4.8.5-28) (GCC) 
configure:2851: $? = 0
configure:2840: gcc -V >&5
gcc: error: unrecognized command line option '-V'
gcc: fatal error: no input files
compilation terminated.
configure:2851: $? = 4
configure:2840: gcc -qversion >&5
gcc: error: unrecognized command line option '-qversion'
gcc: fatal error: no input files
compilation terminated.
configure:2851: $? = 4
configure:2871: checking whether the C compiler works
configure:2893: gcc    conftest.c  >&5
configure:2897: $? = 0
configure:2945: result: yes
configure:2948: checking for C compiler default output file name
configure:2950: result: a.out
configure:2956: checking for suffix of executables
configure:2963: gcc -o conftest    conftest.c  >&5
configure:2967: $? = 0
configure:2989: result: 
configure:3011: checking whether we are cross compiling
configure:3019: gcc -o conftest    conftest.c  >&5
configure:3023: $? = 0
configure:3030: ./conftest
configure:3034: $? = 0
configure:3049: result: no
configure:3054: checking for suffix of object files
configure:3076: gcc -c   conftest.c >&5
configure:3080: $? = 0
configure:3101: result: o
configure:3105: checking whether we are using the GNU C compiler
configure:3124: gcc -c   conftest.c >&5
configure:3124: $? = 0
configure:3133: result: yes
configure:3142: checking whether gcc accepts -g
configure:3162: gcc -c -g  conftest.c >&5
configure:3162: $? = 0
configure:3203: result: yes
configure:3220: checking for gcc option to accept ISO C89
configure:3283: gcc  -c -g -O2  conftest.c >&5
configure:3283: $? = 0
configure:3296: result: none needed
configure:3318: checking dependency style of gcc
configure:3429: result: gcc3
configure:3445: checking for likwid_markerStartRegion in -llikwid
configure:3470: gcc -o conftest -g -O2   conftest.c -llikwid   >&5
configure:3470: $? = 0
configure:3479: result: yes
configure:3489: checking for PAPI_num_counters in -lpapi
configure:3514: gcc -o conftest -g -O2   conftest.c -lpapi   >&5
configure:3514: $? = 0
configure:3523: result: yes
configure:3592: checking for g++
configure:3608: found /usr/bin/g++
configure:3619: result: g++
configure:3646: checking for C++ compiler version
configure:3655: g++ --version >&5
g++ (GCC) 4.8.5 20150623 (Red Hat 4.8.5-28)
Copyright (C) 2015 Free Software Foundation, Inc.
This is free software; see the source for copying conditions.  There is NO
warranty; not even for MERCHANTABILITY or FITNESS FOR A PARTICULAR PURPOSE.

configure:3666: $? = 0
configure:3655: g++ -v >&5
Using built-in specs.
COLLECT_GCC=g++
COLLECT_LTO_WRAPPER=/usr/libexec/gcc/x86_64-redhat-linux/4.8.5/lto-wrapper
Target: x86_64-redhat-linux
Configured with: ../configure --prefix=/usr --mandir=/usr/share/man --infodir=/usr/share/info --with-bugurl=http://bugzilla.redhat.com/bugzilla --enable-bootstrap --enable-shared --enable-threads=posix --enable-checking=release --with-system-zlib --enable-__cxa_atexit --disable-libunwind-exceptions --enable-gnu-unique-object --enable-linker-build-id --with-linker-hash-style=gnu --enable-languages=c,c++,objc,obj-c++,java,fortran,ada,go,lto --enable-plugin --enable-initfini-array --disable-libgcj --with-isl=/builddir/build/BUILD/gcc-4.8.5-20150702/obj-x86_64-redhat-linux/isl-install --with-cloog=/builddir/build/BUILD/gcc-4.8.5-20150702/obj-x86_64-redhat-linux/cloog-install --enable-gnu-indirect-function --with-tune=generic --with-arch_32=x86-64 --build=x86_64-redhat-linux
Thread model: posix
gcc version 4.8.5 20150623 (Red Hat 4.8.5-28) (GCC) 
configure:3666: $? = 0
configure:3655: g++ -V >&5
g++: error: unrecognized command line option '-V'
g++: fatal error: no input files
compilation terminated.
configure:3666: $? = 4
configure:3655: g++ -qversion >&5
g++: error: unrecognized command line option '-qversion'
g++: fatal error: no input files
compilation terminated.
configure:3666: $? = 4
configure:3670: checking whether we are using the GNU C++ compiler
configure:3689: g++ -c   conftest.cpp >&5
configure:3689: $? = 0
configure:3698: result: yes
configure:3707: checking whether g++ accepts -g
configure:3727: g++ -c -g  conftest.cpp >&5
configure:3727: $? = 0
configure:3768: result: yes
configure:3793: checking dependency style of g++
configure:3904: result: gcc3
configure:4030: checking that generated files are newer than configure
configure:4036: result: done
configure:4063: creating ./config.status

## ---------------------- ##
## Running config.status. ##
## ---------------------- ##

This file was extended by testblock.exe config.status 1.0, which was
generated by GNU Autoconf 2.69.  Invocation command line was

  CONFIG_FILES    = 
  CONFIG_HEADERS  = 
  CONFIG_LINKS    = 
  CONFIG_COMMANDS = 
  $ ./config.status 

on zelda.eng.uci.edu

config.status:846: creating Makefile
config.status:846: creating src/Makefile
config.status:846: creating config.h
config.status:1027: config.h is unchanged
config.status:1075: executing depfiles commands

## ---------------- ##
## Cache variables. ##
## ---------------- ##

ac_cv_c_compiler_gnu=yes
ac_cv_cxx_compiler_gnu=yes
ac_cv_env_CCC_set=
ac_cv_env_CCC_value=
ac_cv_env_CC_set=
ac_cv_env_CC_value=
ac_cv_env_CFLAGS_set=
ac_cv_env_CFLAGS_value=
ac_cv_env_CPPFLAGS_set=
ac_cv_env_CPPFLAGS_value=
ac_cv_env_CXXFLAGS_set=
ac_cv_env_CXXFLAGS_value=
ac_cv_env_CXX_set=
ac_cv_env_CXX_value=
ac_cv_env_LDFLAGS_set=
ac_cv_env_LDFLAGS_value=
ac_cv_env_LIBS_set=
ac_cv_env_LIBS_value=
ac_cv_env_build_alias_set=
ac_cv_env_build_alias_value=
ac_cv_env_host_alias_set=
ac_cv_env_host_alias_value=
ac_cv_env_target_alias_set=
ac_cv_env_target_alias_value=
ac_cv_lib_likwid_likwid_markerStartRegion=yes
ac_cv_lib_papi_PAPI_num_counters=yes
ac_cv_objext=o
ac_cv_path_install='/usr/bin/install -c'
ac_cv_path_mkdir=/usr/bin/mkdir
ac_cv_prog_AWK=gawk
ac_cv_prog_ac_ct_CC=gcc
ac_cv_prog_ac_ct_CXX=g++
ac_cv_prog_cc_c89=
ac_cv_prog_cc_g=yes
ac_cv_prog_cxx_g=yes
ac_cv_prog_make_make_set=yes
am_cv_CC_dependencies_compiler_type=gcc3
am_cv_CXX_dependencies_compiler_type=gcc3
am_cv_make_support_nested_variables=yes

## ----------------- ##
## Output variables. ##
## ----------------- ##

ACLOCAL='${SHELL} /home/kevinzhu2001/SMP/aux_files/missing aclocal-1.13'
AMDEPBACKSLASH='\'
AMDEP_FALSE='#'
AMDEP_TRUE=''
AMTAR='$${TAR-tar}'
AM_BACKSLASH='\'
AM_DEFAULT_V='$(AM_DEFAULT_VERBOSITY)'
AM_DEFAULT_VERBOSITY='1'
AM_V='$(V)'
AUTOCONF='${SHELL} /home/kevinzhu2001/SMP/aux_files/missing autoconf'
AUTOHEADER='${SHELL} /home/kevinzhu2001/SMP/aux_files/missing autoheader'
AUTOMAKE='${SHELL} /home/kevinzhu2001/SMP/aux_files/missing automake-1.13'
AWK='gawk'
CC='gcc'
CCDEPMODE='depmode=gcc3'
CFLAGS='-g -O2'
CPPFLAGS=''
CXX='g++'
CXXDEPMODE='depmode=gcc3'
CXXFLAGS='-g -O2'
CYGPATH_W='echo'
DEFS='-DHAVE_CONFIG_H'
DEPDIR='.deps'
ECHO_C=''
ECHO_N='-n'
ECHO_T=''
EXEEXT=''
INSTALL_DATA='${INSTALL} -m 644'
INSTALL_PROGRAM='${INSTALL}'
INSTALL_SCRIPT='${INSTALL}'
INSTALL_STRIP_PROGRAM='$(install_sh) -c -s'
LDFLAGS=''
LIBOBJS=''
LIBS=''
LTLIBOBJS=''
MAKEINFO='${SHELL} /home/kevinzhu2001/SMP/aux_files/missing makeinfo'
MKDIR_P='/usr/bin/mkdir -p'
OBJEXT='o'
PACKAGE='testblock-exe'
PACKAGE_BUGREPORT=''
PACKAGE_NAME='testblock.exe'
PACKAGE_STRING='testblock.exe 1.0'
PACKAGE_TARNAME='testblock-exe'
PACKAGE_URL=''
PACKAGE_VERSION='1.0'
PATH_SEPARATOR=':'
SET_MAKE=''
SHELL='/bin/sh'
STRIP=''
VERSION='1.0'
ac_ct_CC='gcc'
ac_ct_CXX='g++'
am__EXEEXT_FALSE=''
am__EXEEXT_TRUE='#'
am__fastdepCC_FALSE='#'
am__fastdepCC_TRUE=''
am__fastdepCXX_FALSE='#'
am__fastdepCXX_TRUE=''
am__include='include'
am__isrc=''
am__leading_dot='.'
am__nodep='_no'
am__quote=''
am__tar='$${TAR-tar} chof - "$$tardir"'
am__untar='$${TAR-tar} xf -'
bindir='${exec_prefix}/bin'
build_alias=''
datadir='${datarootdir}'
datarootdir='${prefix}/share'
docdir='${datarootdir}/doc/${PACKAGE_TARNAME}'
dvidir='${docdir}'
exec_prefix='${prefix}'
host_alias=''
htmldir='${docdir}'
includedir='${prefix}/include'
infodir='${datarootdir}/info'
install_sh='${SHELL} /home/kevinzhu2001/SMP/aux_files/install-sh'
libdir='${exec_prefix}/lib'
libexecdir='${exec_prefix}/libexec'
localedir='${datarootdir}/locale'
localstatedir='${prefix}/var'
mandir='${datarootdir}/man'
mkdir_p='$(MKDIR_P)'
oldincludedir='/usr/include'
pdfdir='${docdir}'
prefix='/usr/local'
program_transform_name='s,x,x,'
psdir='${docdir}'
sbindir='${exec_prefix}/sbin'
sharedstatedir='${prefix}/com'
sysconfdir='${prefix}/etc'
target_alias=''

## ----------- ##
## confdefs.h. ##
## ----------- ##

/* confdefs.h */
#define PACKAGE_NAME "testblock.exe"
#define PACKAGE_TARNAME "testblock-exe"
#define PACKAGE_VERSION "1.0"
#define PACKAGE_STRING "testblock.exe 1.0"
#define PACKAGE_BUGREPORT ""
#define PACKAGE_URL ""
#define PACKAGE "testblock-exe"
#define VERSION "1.0"

configure: exit 0
